<?xml version="1.0" encoding="UTF-8"?>
<testsuite name="learn_java.sandbox.SquareTests" tests="1" skipped="0" failures="0" errors="0" timestamp="2021-11-08T19:04:37" hostname="HRK1-LHP-A04858" time="0.0">
  <properties/>
  <testcase name="testArea" classname="learn_java.sandbox.SquareTests" time="0.0"/>
  <system-out><![CDATA[]]></system-out>
  <system-err><![CDATA[]]></system-err>
</testsuite>
