<?xml version="1.0" encoding="UTF-8"?>
<testsuite name="learn_java.sandbox.EquationTests" tests="6" skipped="0" failures="0" errors="0" timestamp="2021-11-08T19:04:32" hostname="HRK1-LHP-A04858" time="0.008">
  <properties/>
  <testcase name="test0" classname="learn_java.sandbox.EquationTests" time="0.004"/>
  <testcase name="test1" classname="learn_java.sandbox.EquationTests" time="0.0"/>
  <testcase name="test2" classname="learn_java.sandbox.EquationTests" time="0.0"/>
  <testcase name="testLinear" classname="learn_java.sandbox.EquationTests" time="0.0"/>
  <testcase name="testConstant" classname="learn_java.sandbox.EquationTests" time="0.0"/>
  <testcase name="testZero" classname="learn_java.sandbox.EquationTests" time="0.0"/>
  <system-out><![CDATA[]]></system-out>
  <system-err><![CDATA[]]></system-err>
</testsuite>
