<?xml version="1.0" encoding="UTF-8"?>
<testsuite name="FirstTest" tests="1" skipped="0" failures="0" errors="0" timestamp="2021-11-23T18:59:11" hostname="HRK1-LHP-A04858" time="13.617">
  <properties/>
  <testcase name="myFirstTest" classname="FirstTest" time="13.617"/>
  <system-out><![CDATA[]]></system-out>
  <system-err><![CDATA[SLF4J: Failed to load class "org.slf4j.impl.StaticLoggerBinder".
SLF4J: Defaulting to no-operation (NOP) logger implementation
SLF4J: See http://www.slf4j.org/codes.html#StaticLoggerBinder for further details.
1637693952978	geckodriver	INFO	Listening on 127.0.0.1:50744
1637693953739	mozrunner::runner	INFO	Running command: "C:\\Program Files\\Mozilla Firefox\\firefox.exe" "--marionette" "--remote-debugging-port" "61702" "-no-remote" "-profile" "C:\\Users\\KATERY~1.CHE\\AppData\\Local\\Temp\\rust_mozprofilezZ0xsr"
1637693955116	Marionette	INFO	Marionette enabled
console.warn: SearchSettings: "get: No settings file exists, new profile?" (new NotFoundError("Could not open the file at C:\\Users\\kateryna.cherkashyna\\AppData\\Local\\Temp\\rust_mozprofilezZ0xsr\\search.json.mozlz4", (void 0)))
DevTools listening on ws://localhost:61702/devtools/browser/34d72d81-64c7-4244-b96b-0f0e326e3781
1637693957897	Marionette	INFO	Listening on port 53502
1637693958252	RemoteAgent	WARN	TLS certificate errors will be ignored for this session
Nov 23, 2021 8:59:18 PM org.openqa.selenium.remote.ProtocolHandshake createSession
INFO: Detected dialect: W3C
1637693964193	Marionette	INFO	Stopped listening on port 53502
JavaScript error: resource://gre/modules/UrlClassifierListManager.jsm, line 691: TypeError: this.tablesData[table] is undefined

###!!! [Child][MessageChannel] Error: (msgtype=0x680023,name=PNecko::Msg_RemoveRequestContext) Channel closing: too late to send/recv, messages will be lost


###!!! [Parent][RunMessage] Error: Channel closing: too late to send/recv, messages will be lost

]]></system-err>
</testsuite>
