<?xml version="1.0" encoding="UTF-8"?>
<testsuite name="learn_java.addressbook.tests.GroupModificationTests" tests="1" skipped="0" failures="0" errors="0" timestamp="2021-11-09T16:01:43" hostname="HRK1-LHP-A04858" time="0.002">
  <properties/>
  <testcase name="testGroupModification" classname="learn_java.addressbook.tests.GroupModificationTests" time="0.002"/>
  <system-out><![CDATA[Hibernate: select groupdata0_.group_id as group_id1_2_, groupdata0_.group_footer as group_fo2_2_, groupdata0_.group_header as group_he3_2_, groupdata0_.group_name as group_na4_2_ from group_list groupdata0_
]]></system-out>
  <system-err><![CDATA[Nov 09, 2021 6:01:42 PM learn_java.addressbook.tests.TestBase logTestStart
INFO: Start test testGroupModification with parameters []
Nov 09, 2021 6:01:43 PM learn_java.addressbook.tests.TestBase logTestStop
INFO: Stop test testGroupModification
]]></system-err>
</testsuite>
