<?xml version="1.0" encoding="UTF-8"?>
<testsuite name="learn_java.addressbook.tests.GroupDeletionTests" tests="1" skipped="0" failures="0" errors="0" timestamp="2021-08-02T15:25:07" hostname="HRK1-LHP-A04858" time="0.971">
  <properties/>
  <testcase name="testGroupDeletion" classname="learn_java.addressbook.tests.GroupDeletionTests" time="0.971"/>
  <system-out><![CDATA[]]></system-out>
  <system-err><![CDATA[]]></system-err>
</testsuite>
