<?xml version="1.0" encoding="UTF-8"?>
<testsuite name="learn_java.addressbook.tests.GroupCreationTests" tests="4" skipped="0" failures="0" errors="0" timestamp="2021-08-02T15:24:59" hostname="HRK1-LHP-A04858" time="6.886">
  <properties/>
  <testcase name="testBadGroupCreation" classname="learn_java.addressbook.tests.GroupCreationTests" time="2.226"/>
  <testcase name="testGroupCreation[0](GroupData{id='2147483647', name='test 0'})" classname="learn_java.addressbook.tests.GroupCreationTests" time="1.536"/>
  <testcase name="testGroupCreation[1](GroupData{id='2147483647', name='test 1'})" classname="learn_java.addressbook.tests.GroupCreationTests" time="1.512"/>
  <testcase name="testGroupCreation[2](GroupData{id='2147483647', name='test 2'})" classname="learn_java.addressbook.tests.GroupCreationTests" time="1.583"/>
  <system-out><![CDATA[]]></system-out>
  <system-err><![CDATA[]]></system-err>
</testsuite>
