<?xml version="1.0" encoding="UTF-8"?>
<testsuite name="github.GithubTests" tests="1" skipped="0" failures="0" errors="0" timestamp="2021-11-06T11:57:56" hostname="HRK1-LHP-A04858" time="6.608">
  <properties/>
  <testcase name="testCommits" classname="github.GithubTests" time="6.608"/>
  <system-out><![CDATA[Update .gitignore
Add new classes
Удаление группы из addressbook
Тест заработал!!!
Рефакторинг кода
Мозилла попытка2
Эксперименты с Мозиллой
Первый успешный тест
Создан пакет для моей первой программы
Создан проект для IDEA
Добавлен запускатель для Gradle
Создан проект "песочница"
Initial commit
]]></system-out>
  <system-err><![CDATA[SLF4J: Failed to load class "org.slf4j.impl.StaticLoggerBinder".
SLF4J: Defaulting to no-operation (NOP) logger implementation
SLF4J: See http://www.slf4j.org/codes.html#StaticLoggerBinder for further details.
]]></system-err>
</testsuite>
